[08Jul2025 00:09:51.606] [Server thread/INFO] [Easy NPC/]: Opening menu 214e7665-ca16-4a9a-ab37-fe8e3c51a273 for npc 8ffdd641-3a89-4436-83cf-d57f4c86e0db and player ServerPlayer['CesarDFA27'/9323, l='ServerLevel[world]', x=-1278.24, y=100.00, z=-375.63] with ConfigurationMenu.MAIN[translation{key='text.easy_npc.config.main.title', args=[Cocinero]}]
[08Jul2025 00:09:52.017] [Server thread/INFO] [Easy NPC/]: Opening menu f7898583-4793-4fe2-b40c-97d83abc7887 for npc 8ffdd641-3a89-4436-83cf-d57f4c86e0db and player ServerPlayer['CesarDFA27'/9323, l='ServerLevel[world]', x=-1278.24, y=100.00, z=-375.63] with ConfigurationMenu.MAIN[translation{key='text.easy_npc.config.main.title', args=[Cocinero]}]
[08Jul2025 00:10:12.445] [Server thread/INFO] [Easy NPC/]: Opening menu 89a6b3ca-24cd-41cb-bd10-5c6d6c4ce7a2 for npc 8ffdd641-3a89-4436-83cf-d57f4c86e0db and player ServerPlayer['CesarDFA27'/9323, l='ServerLevel[world]', x=-1278.24, y=100.00, z=-375.63] with ConfigurationMenu.MAIN[translation{key='text.easy_npc.config.main.title', args=[Cocinero]}]
[08Jul2025 00:10:33.748] [Server thread/INFO] [Easy NPC/]: Opening menu b85ee0cf-2d1b-4772-b99f-1148de4944ca for npc 8ffdd641-3a89-4436-83cf-d57f4c86e0db and player ServerPlayer['CesarDFA27'/9323, l='ServerLevel[world]', x=-1277.42, y=100.00, z=-376.09] with ConfigurationMenu.MAIN[translation{key='text.easy_npc.config.main.title', args=[Cocinero]}]
[08Jul2025 00:10:36.260] [Server thread/INFO] [Easy NPC/]: Opening menu dc23f15f-92fa-41d7-bfc5-6096a3f8aacc for npc 8ffdd641-3a89-4436-83cf-d57f4c86e0db and player ServerPlayer['CesarDFA27'/9323, l='ServerLevel[world]', x=-1277.80, y=100.00, z=-375.78] with ConfigurationMenu.DEFAULT_POSITION[translation{key='text.easy_npc.config.default_position.title', args=[Cocinero]}]
[08Jul2025 00:10:57.162] [Server thread/INFO] [net.minecraft.server.MinecraftServer/]: [Not Secure] <CesarDFA27> -1279 100 -371
[08Jul2025 00:11:02.601] [Server thread/INFO] [Easy NPC/]: Opening menu f8a99454-63fe-4538-8812-75ad5b0bbecc for npc 8ffdd641-3a89-4436-83cf-d57f4c86e0db and player ServerPlayer['CesarDFA27'/9323, l='ServerLevel[world]', x=-1277.16, y=100.00, z=-374.89] with ConfigurationMenu.MAIN[translation{key='text.easy_npc.config.main.title', args=[Cocinero]}]
[08Jul2025 00:11:04.106] [Server thread/INFO] [Easy NPC/]: Opening menu d972dd4a-19fb-4b61-bad0-882969013b50 for npc 8ffdd641-3a89-4436-83cf-d57f4c86e0db and player ServerPlayer['CesarDFA27'/9323, l='ServerLevel[world]', x=-1277.16, y=100.00, z=-374.89] with ConfigurationMenu.DEFAULT_POSITION[translation{key='text.easy_npc.config.default_position.title', args=[Cocinero]}]
[08Jul2025 00:11:13.102] [Server thread/INFO] [net.minecraft.server.MinecraftServer/]: [Not Secure] <CesarDFA27> -1279 100 -371
[08Jul2025 00:11:14.100] [Server thread/INFO] [Easy NPC/]: Opening menu 5ef75b0d-d562-48fc-bc7a-d6d2b218da32 for npc 8ffdd641-3a89-4436-83cf-d57f4c86e0db and player ServerPlayer['CesarDFA27'/9323, l='ServerLevel[world]', x=-1277.16, y=100.00, z=-374.89] with ConfigurationMenu.MAIN[translation{key='text.easy_npc.config.main.title', args=[Cocinero]}]
[08Jul2025 00:11:17.913] [Server thread/INFO] [Easy NPC/]: Opening menu c812f8cd-a7ea-44b7-b053-8c5d7fe40197 for npc 8ffdd641-3a89-4436-83cf-d57f4c86e0db and player ServerPlayer['CesarDFA27'/9323, l='ServerLevel[world]', x=-1277.16, y=100.00, z=-374.89] with ConfigurationMenu.DEFAULT_POSITION[translation{key='text.easy_npc.config.default_position.title', args=[Cocinero]}]
[08Jul2025 00:11:33.861] [Server thread/INFO] [Easy NPC/]: Opening menu fd7130a0-ca3d-42d7-97d0-5841bd014a01 for npc 8ffdd641-3a89-4436-83cf-d57f4c86e0db and player ServerPlayer['CesarDFA27'/9323, l='ServerLevel[world]', x=-1277.34, y=100.06, z=-371.63] with ConfigurationMenu.MAIN[translation{key='text.easy_npc.config.main.title', args=[Cocinero]}]
[08Jul2025 00:11:35.413] [Server thread/INFO] [Easy NPC/]: Opening menu d76ed44c-9425-4a05-95ea-2d1bab62d945 for npc 8ffdd641-3a89-4436-83cf-d57f4c86e0db and player ServerPlayer['CesarDFA27'/9323, l='ServerLevel[world]', x=-1277.34, y=100.06, z=-371.63] with ConfigurationMenu.DEFAULT_POSITION[translation{key='text.easy_npc.config.default_position.title', args=[Cocinero]}]
[08Jul2025 00:12:08.849] [Server thread/INFO] [Easy NPC/]: Opening menu 5f87a17f-ada7-4d54-ad79-d1c7a61b2590 for npc b66482b1-7b7b-4ab7-b97e-c8855cc4adfa and player ServerPlayer['CesarDFA27'/9323, l='ServerLevel[world]', x=-1268.20, y=122.00, z=-337.54] with ConfigurationMenu.MAIN[translation{key='text.easy_npc.config.main.title', args=[entity.easy_npc.]}]
[08Jul2025 00:12:11.057] [Server thread/INFO] [Easy NPC/]: Opening menu 9bda69f4-cbc0-4451-b37f-83b1c41e58b9 for npc b66482b1-7b7b-4ab7-b97e-c8855cc4adfa and player ServerPlayer['CesarDFA27'/9323, l='ServerLevel[world]', x=-1268.20, y=122.00, z=-337.54] with ConfigurationMenu.DEFAULT_POSITION[translation{key='text.easy_npc.config.default_position.title', args=[entity.easy_npc.]}]
[08Jul2025 00:12:17.749] [Server thread/INFO] [Easy NPC/]: Opening menu ee06ab6e-150e-407d-9284-4e9d985dca0a for npc b66482b1-7b7b-4ab7-b97e-c8855cc4adfa and player ServerPlayer['CesarDFA27'/9323, l='ServerLevel[world]', x=-1269.84, y=122.00, z=-336.00] with ConfigurationMenu.MAIN[translation{key='text.easy_npc.config.main.title', args=[entity.easy_npc.]}]
[08Jul2025 00:12:18.048] [Server thread/INFO] [Easy NPC/]: Opening menu a32fb45e-4742-4809-9061-68de6900c38e for npc b66482b1-7b7b-4ab7-b97e-c8855cc4adfa and player ServerPlayer['CesarDFA27'/9323, l='ServerLevel[world]', x=-1269.84, y=122.00, z=-336.00] with ConfigurationMenu.MAIN[translation{key='text.easy_npc.config.main.title', args=[entity.easy_npc.]}]
[08Jul2025 00:12:19.352] [Server thread/INFO] [Easy NPC/]: Opening menu c1b88569-a66e-4930-a021-503f41347a97 for npc b66482b1-7b7b-4ab7-b97e-c8855cc4adfa and player ServerPlayer['CesarDFA27'/9323, l='ServerLevel[world]', x=-1269.84, y=122.00, z=-336.00] with ConfigurationMenu.DEFAULT_POSITION[translation{key='text.easy_npc.config.default_position.title', args=[entity.easy_npc.]}]
[08Jul2025 00:12:23.497] [Server thread/INFO] [Easy NPC/]: Opening menu 5830ae5b-4248-4ced-b94a-a83fbdc0dd3c for npc b66482b1-7b7b-4ab7-b97e-c8855cc4adfa and player ServerPlayer['CesarDFA27'/9323, l='ServerLevel[world]', x=-1270.02, y=122.00, z=-336.84] with ConfigurationMenu.MAIN[translation{key='text.easy_npc.config.main.title', args=[entity.easy_npc.]}]
[08Jul2025 00:12:26.095] [Server thread/INFO] [Easy NPC/]: Opening menu 3f17fb18-7e90-4b86-8ecf-2cd9a4f8198b for npc b66482b1-7b7b-4ab7-b97e-c8855cc4adfa and player ServerPlayer['CesarDFA27'/9323, l='ServerLevel[world]', x=-1270.02, y=122.00, z=-336.84] with ConfigurationMenu.DEFAULT_ROTATION[translation{key='text.easy_npc.config.default_rotation.title', args=[entity.easy_npc.]}]
[08Jul2025 00:12:35.059] [Server thread/INFO] [Easy NPC/]: Opening menu fb72e050-ea08-4056-8b4e-5dbfa7ecf255 for npc b66482b1-7b7b-4ab7-b97e-c8855cc4adfa and player ServerPlayer['CesarDFA27'/9323, l='ServerLevel[world]', x=-1270.06, y=122.00, z=-336.50] with ConfigurationMenu.MAIN[translation{key='text.easy_npc.config.main.title', args=[entity.easy_npc.]}]
[08Jul2025 00:12:36.661] [Server thread/INFO] [Easy NPC/]: Opening menu d81f5a4b-d8ed-4f29-8cff-0938f76b7488 for npc b66482b1-7b7b-4ab7-b97e-c8855cc4adfa and player ServerPlayer['CesarDFA27'/9323, l='ServerLevel[world]', x=-1270.06, y=122.00, z=-336.50] with ConfigurationMenu.DEFAULT_ROTATION[translation{key='text.easy_npc.config.default_rotation.title', args=[entity.easy_npc.]}]
[08Jul2025 00:12:44.398] [Server thread/INFO] [Easy NPC/]: Opening menu eeac67c9-2b95-4373-8e02-b3381d943779 for npc b66482b1-7b7b-4ab7-b97e-c8855cc4adfa and player ServerPlayer['CesarDFA27'/9323, l='ServerLevel[world]', x=-1267.50, y=122.00, z=-338.66] with ConfigurationMenu.MAIN[translation{key='text.easy_npc.config.main.title', args=[entity.easy_npc.]}]
[08Jul2025 00:12:45.601] [Server thread/INFO] [Easy NPC/]: Opening menu eef0fe69-c0d6-4b1c-9c99-d8d4e81ad725 for npc b66482b1-7b7b-4ab7-b97e-c8855cc4adfa and player ServerPlayer['CesarDFA27'/9323, l='ServerLevel[world]', x=-1267.50, y=122.00, z=-338.65] with ConfigurationMenu.BASIC_OBJECTIVE[translation{key='text.easy_npc.config.basic_objective.title', args=[entity.easy_npc.]}]
[08Jul2025 00:12:47.748] [Server thread/INFO] [Easy NPC/]: Opening menu fadacf74-75a2-419c-8cef-a40fb9374523 for npc b66482b1-7b7b-4ab7-b97e-c8855cc4adfa and player ServerPlayer['CesarDFA27'/9323, l='ServerLevel[world]', x=-1267.50, y=122.00, z=-338.65] with ConfigurationMenu.MAIN[translation{key='text.easy_npc.config.main.title', args=[entity.easy_npc.]}]
[08Jul2025 00:12:49.150] [Server thread/INFO] [Easy NPC/]: Opening menu f55bde9c-d708-4a0a-85cc-b5c06078a321 for npc b66482b1-7b7b-4ab7-b97e-c8855cc4adfa and player ServerPlayer['CesarDFA27'/9323, l='ServerLevel[world]', x=-1267.50, y=122.00, z=-338.65] with ConfigurationMenu.DEFAULT_POSITION[translation{key='text.easy_npc.config.default_position.title', args=[entity.easy_npc.]}]
[08Jul2025 00:18:57.502] [Server thread/INFO] [Easy NPC/]: Opening menu 8cfe7eaf-2a25-4523-9c03-1797a38bddc3 for npc b66482b1-7b7b-4ab7-b97e-c8855cc4adfa and player ServerPlayer['CesarDFA27'/9323, l='ServerLevel[world]', x=-1268.97, y=122.00, z=-338.39] with ConfigurationMenu.MAIN[translation{key='text.easy_npc.config.main.title', args=[entity.easy_npc.]}]
[08Jul2025 00:18:58.853] [Server thread/INFO] [Easy NPC/]: Opening menu 7ac9260b-fa40-4bd7-b632-83f336aee1a3 for npc b66482b1-7b7b-4ab7-b97e-c8855cc4adfa and player ServerPlayer['CesarDFA27'/9323, l='ServerLevel[world]', x=-1268.97, y=122.00, z=-338.39] with ConfigurationMenu.DEFAULT_POSITION[translation{key='text.easy_npc.config.default_position.title', args=[entity.easy_npc.]}]
[08Jul2025 00:19:37.998] [Server thread/INFO] [net.minecraft.server.MinecraftServer/]: [CesarDFA27: Set the weather to clear]
[08Jul2025 00:25:23.093] [Server thread/INFO] [Easy NPC/]: Creating backup folder 2025-07-08 at /workspaces/aventuria/servidor_minecraft/easy_npc/backup ...
[08Jul2025 00:32:45.014] [Worker-Main-62/ERROR] [net.minecraft.Util/]: Detected setBlock in a far chunk [-13, 26], pos: MutableBlockPos{x=-194, y=56, z=427}, status: minecraft:features, currently generating: Placed Direct{Configured: untamedwilds.world.gen.feature.FeatureSeaAnemone@6b5ed5d6: net.minecraft.world.level.levelgen.feature.configurations.CountConfiguration@874d98c}
[08Jul2025 00:32:45.015] [Worker-Main-62/ERROR] [net.minecraft.Util/]: Detected setBlock in a far chunk [-13, 26], pos: MutableBlockPos{x=-198, y=56, z=429}, status: minecraft:features, currently generating: Placed Direct{Configured: untamedwilds.world.gen.feature.FeatureSeaAnemone@6b5ed5d6: net.minecraft.world.level.levelgen.feature.configurations.CountConfiguration@874d98c}
[08Jul2025 00:33:31.481] [Worker-Main-61/ERROR] [net.minecraft.Util/]: Detected setBlock in a far chunk [16, 24], pos: MutableBlockPos{x=270, y=63, z=396}, status: minecraft:features, currently generating: Placed Direct{Configured: untamedwilds.world.gen.feature.FeatureFloatingPlants@69cd7ce6: net.minecraft.world.level.levelgen.feature.configurations.NoneFeatureConfiguration@69a50efb}
[08Jul2025 00:33:31.482] [Worker-Main-61/ERROR] [net.minecraft.Util/]: Detected setBlock in a far chunk [16, 24], pos: MutableBlockPos{x=270, y=63, z=392}, status: minecraft:features, currently generating: Placed Direct{Configured: untamedwilds.world.gen.feature.FeatureFloatingPlants@69cd7ce6: net.minecraft.world.level.levelgen.feature.configurations.NoneFeatureConfiguration@69a50efb}
[08Jul2025 00:33:31.482] [Worker-Main-61/ERROR] [net.minecraft.Util/]: Detected setBlock in a far chunk [16, 24], pos: MutableBlockPos{x=267, y=63, z=391}, status: minecraft:features, currently generating: Placed Direct{Configured: untamedwilds.world.gen.feature.FeatureFloatingPlants@69cd7ce6: net.minecraft.world.level.levelgen.feature.configurations.NoneFeatureConfiguration@69a50efb}
[08Jul2025 00:33:31.482] [Worker-Main-61/ERROR] [net.minecraft.Util/]: Detected setBlock in a far chunk [16, 24], pos: MutableBlockPos{x=266, y=63, z=392}, status: minecraft:features, currently generating: Placed Direct{Configured: untamedwilds.world.gen.feature.FeatureFloatingPlants@69cd7ce6: net.minecraft.world.level.levelgen.feature.configurations.NoneFeatureConfiguration@69a50efb}
[08Jul2025 00:33:31.482] [Worker-Main-61/ERROR] [net.minecraft.Util/]: Detected setBlock in a far chunk [16, 24], pos: MutableBlockPos{x=269, y=63, z=392}, status: minecraft:features, currently generating: Placed Direct{Configured: untamedwilds.world.gen.feature.FeatureFloatingPlants@69cd7ce6: net.minecraft.world.level.levelgen.feature.configurations.NoneFeatureConfiguration@69a50efb}
[08Jul2025 00:33:31.482] [Worker-Main-61/ERROR] [net.minecraft.Util/]: Detected setBlock in a far chunk [16, 24], pos: MutableBlockPos{x=267, y=63, z=391}, status: minecraft:features, currently generating: Placed Direct{Configured: untamedwilds.world.gen.feature.FeatureFloatingPlants@69cd7ce6: net.minecraft.world.level.levelgen.feature.configurations.NoneFeatureConfiguration@69a50efb}
[08Jul2025 00:33:31.483] [Worker-Main-61/ERROR] [net.minecraft.Util/]: Detected setBlock in a far chunk [16, 24], pos: MutableBlockPos{x=269, y=63, z=388}, status: minecraft:features, currently generating: Placed Direct{Configured: untamedwilds.world.gen.feature.FeatureFloatingPlants@69cd7ce6: net.minecraft.world.level.levelgen.feature.configurations.NoneFeatureConfiguration@69a50efb}
[08Jul2025 00:33:39.291] [Worker-Main-25/ERROR] [net.minecraft.Util/]: Detected setBlock in a far chunk [22, 26], pos: MutableBlockPos{x=355, y=63, z=416}, status: minecraft:features, currently generating: Placed Direct{Configured: untamedwilds.world.gen.feature.FeatureFloatingPlants@69cd7ce6: net.minecraft.world.level.levelgen.feature.configurations.NoneFeatureConfiguration@69a50efb}
[08Jul2025 00:33:39.291] [Worker-Main-25/ERROR] [net.minecraft.Util/]: Detected setBlock in a far chunk [22, 26], pos: MutableBlockPos{x=355, y=63, z=417}, status: minecraft:features, currently generating: Placed Direct{Configured: untamedwilds.world.gen.feature.FeatureFloatingPlants@69cd7ce6: net.minecraft.world.level.levelgen.feature.configurations.NoneFeatureConfiguration@69a50efb}
[08Jul2025 00:33:39.291] [Worker-Main-25/ERROR] [net.minecraft.Util/]: Detected setBlock in a far chunk [22, 26], pos: MutableBlockPos{x=354, y=63, z=418}, status: minecraft:features, currently generating: Placed Direct{Configured: untamedwilds.world.gen.feature.FeatureFloatingPlants@69cd7ce6: net.minecraft.world.level.levelgen.feature.configurations.NoneFeatureConfiguration@69a50efb}
[08Jul2025 00:33:39.292] [Worker-Main-25/ERROR] [net.minecraft.Util/]: Detected setBlock in a far chunk [22, 26], pos: MutableBlockPos{x=357, y=63, z=417}, status: minecraft:features, currently generating: Placed Direct{Configured: untamedwilds.world.gen.feature.FeatureFloatingPlants@69cd7ce6: net.minecraft.world.level.levelgen.feature.configurations.NoneFeatureConfiguration@69a50efb}
[08Jul2025 00:33:39.292] [Worker-Main-25/ERROR] [net.minecraft.Util/]: Detected setBlock in a far chunk [22, 26], pos: MutableBlockPos{x=361, y=63, z=417}, status: minecraft:features, currently generating: Placed Direct{Configured: untamedwilds.world.gen.feature.FeatureFloatingPlants@69cd7ce6: net.minecraft.world.level.levelgen.feature.configurations.NoneFeatureConfiguration@69a50efb}
[08Jul2025 00:33:52.845] [Server thread/INFO] [net.minecraft.server.MinecraftServer/]: [CesarDFA27: Applied effect Strength to CesarDFA27]
[08Jul2025 00:33:55.717] [Server thread/INFO] [net.minecraft.server.MinecraftServer/]: CesarDFA27 has made the advancement [Dragonslayer]
[08Jul2025 00:34:03.399] [Server thread/INFO] [net.minecraft.server.MinecraftServer/]: CesarDFA27 has made the advancement [Acquire Hardware]
[08Jul2025 00:34:58.463] [Server thread/WARN] [net.minecraft.server.network.ServerGamePacketListenerImpl/]: CesarDFA27 moved too quickly! 1.4010926087770486,3.1745408595849085,-9.47493167795244
[08Jul2025 00:35:01.636] [Worker-Main-62/ERROR] [net.minecraft.Util/]: Detected setBlock in a far chunk [24, 17], pos: MutableBlockPos{x=387, y=63, z=272}, status: minecraft:features, currently generating: Placed Direct{Configured: untamedwilds.world.gen.feature.FeatureFloatingPlants@69cd7ce6: net.minecraft.world.level.levelgen.feature.configurations.NoneFeatureConfiguration@69a50efb}
[08Jul2025 00:35:57.321] [Server thread/WARN] [net.minecraft.server.MinecraftServer/]: Can't keep up! Is the server overloaded? Running 2001ms or 40 ticks behind
[08Jul2025 00:36:34.222] [Server thread/WARN] [net.minecraft.server.MinecraftServer/]: Can't keep up! Is the server overloaded? Running 2001ms or 40 ticks behind
[08Jul2025 00:38:02.122] [Server thread/WARN] [net.minecraft.server.MinecraftServer/]: Can't keep up! Is the server overloaded? Running 2001ms or 40 ticks behind
[08Jul2025 00:39:07.586] [Server thread/INFO] [net.minecraft.server.network.ServerGamePacketListenerImpl/]: CesarDFA27 lost connection: Disconnected
[08Jul2025 00:39:07.586] [Server thread/INFO] [net.minecraft.server.MinecraftServer/]: CesarDFA27 left the game
[08Jul2025 00:39:07.590] [Server thread/INFO] [voicechat/]: [voicechat] Disconnecting client CesarDFA27
[08Jul2025 00:46:57.172] [Server thread/INFO] [net.minecraft.server.MinecraftServer/]: Dalonzo has made the advancement [Acquire Hardware]
[08Jul2025 01:01:13.133] [Server thread/WARN] [net.minecraft.server.network.ServerGamePacketListenerImpl/]: Dalonzo moved too quickly! -9.52830082983246,0.0,5.266516929332681
[08Jul2025 01:01:18.204] [Worker-Main-40/ERROR] [net.minecraft.Util/]: Detected setBlock in a far chunk [-161, 2], pos: MutableBlockPos{x=-2576, y=65, z=40}, status: minecraft:features, currently generating: Placed Direct{Configured: untamedwilds.world.gen.feature.FeatureVegetation@1b0fc822: net.minecraft.world.level.levelgen.feature.configurations.ProbabilityFeatureConfiguration@1f1e61eb}
[08Jul2025 01:01:20.335] [Server thread/WARN] [net.minecraft.world.level.chunk.LevelChunk/]: Tried to load a block entity for block Block{minecraft:smithing_table} but failed at location BlockPos{x=-2381, y=18, z=35}
[08Jul2025 01:01:24.614] [Server thread/WARN] [net.minecraft.world.level.chunk.LevelChunk/]: Tried to load a block entity for block Block{minecraft:smithing_table} but failed at location BlockPos{x=-2685, y=3, z=-129}
[08Jul2025 01:01:56.236] [Server thread/WARN] [net.minecraft.world.level.chunk.LevelChunk/]: Tried to load a block entity for block Block{minecraft:smithing_table} but failed at location BlockPos{x=-2386, y=39, z=173}
[08Jul2025 01:01:57.402] [Server thread/WARN] [net.minecraft.server.network.ServerGamePacketListenerImpl/]: Dalonzo moved too quickly! 10.485503707752741,0.0,-2.9322719757668754
[08Jul2025 01:02:05.700] [Server thread/WARN] [net.minecraft.server.network.ServerGamePacketListenerImpl/]: Dalonzo moved too quickly! 10.462081838107224,0.0,-3.018729942288928
[08Jul2025 01:02:29.545] [Server thread/WARN] [net.minecraft.server.network.ServerGamePacketListenerImpl/]: Dalonzo moved too quickly! 0.4247546163539937,-10.283084835367944,-0.4108917980981346
[08Jul2025 01:10:04.097] [Server thread/INFO] [Easy NPC/]: Opening menu 144c41e8-b472-42eb-893d-edc68ced3469 for npc b66482b1-7b7b-4ab7-b97e-c8855cc4adfa and player ServerPlayer['Dalonzo'/416, l='ServerLevel[world]', x=-1269.76, y=122.00, z=-337.79] with ConfigurationMenu.MAIN[translation{key='text.easy_npc.config.main.title', args=[entity.easy_npc.]}]
[08Jul2025 01:10:06.892] [Server thread/INFO] [Easy NPC/]: Opening menu 19e1164b-0e49-498d-96e0-5382eb7db55a for npc b66482b1-7b7b-4ab7-b97e-c8855cc4adfa and player ServerPlayer['Dalonzo'/416, l='ServerLevel[world]', x=-1269.76, y=122.00, z=-337.79] with ConfigurationMenu.ABILITIES_ATTRIBUTE[translation{key='text.easy_npc.config.abilities_attribute.title', args=[entity.easy_npc.]}]
[08Jul2025 01:10:11.554] [Server thread/INFO] [Easy NPC/]: Opening menu a3cb5569-4ea2-44ac-b572-4e0abb648bd5 for npc b66482b1-7b7b-4ab7-b97e-c8855cc4adfa and player ServerPlayer['Dalonzo'/416, l='ServerLevel[world]', x=-1269.76, y=122.00, z=-337.79] with ConfigurationMenu.BASE_ATTRIBUTE[translation{key='text.easy_npc.config.base_attribute.title', args=[entity.easy_npc.]}]
[08Jul2025 01:10:12.245] [Server thread/INFO] [Easy NPC/]: Opening menu 1420ac40-6e5f-40e3-97e2-5af24cfd7568 for npc b66482b1-7b7b-4ab7-b97e-c8855cc4adfa and player ServerPlayer['Dalonzo'/416, l='ServerLevel[world]', x=-1269.76, y=122.00, z=-337.79] with ConfigurationMenu.ABILITIES_ATTRIBUTE[translation{key='text.easy_npc.config.abilities_attribute.title', args=[entity.easy_npc.]}]
[08Jul2025 01:10:12.746] [Server thread/INFO] [Easy NPC/]: Opening menu 435c1933-e08e-4748-bab4-7736e0325393 for npc b66482b1-7b7b-4ab7-b97e-c8855cc4adfa and player ServerPlayer['Dalonzo'/416, l='ServerLevel[world]', x=-1269.76, y=122.00, z=-337.79] with ConfigurationMenu.DISPLAY_ATTRIBUTE[translation{key='text.easy_npc.config.display_attribute.title', args=[entity.easy_npc.]}]
[08Jul2025 01:10:13.593] [Server thread/INFO] [Easy NPC/]: Opening menu b9723de3-d560-4ad6-9394-f96036e74bc3 for npc b66482b1-7b7b-4ab7-b97e-c8855cc4adfa and player ServerPlayer['Dalonzo'/416, l='ServerLevel[world]', x=-1269.76, y=122.00, z=-337.79] with ConfigurationMenu.BASE_ATTRIBUTE[translation{key='text.easy_npc.config.base_attribute.title', args=[entity.easy_npc.]}]
[08Jul2025 01:10:14.045] [Server thread/INFO] [Easy NPC/]: Opening menu 706d3d29-b1d2-42d9-9a45-a993ad964b9d for npc b66482b1-7b7b-4ab7-b97e-c8855cc4adfa and player ServerPlayer['Dalonzo'/416, l='ServerLevel[world]', x=-1269.76, y=122.00, z=-337.79] with ConfigurationMenu.DISPLAY_ATTRIBUTE[translation{key='text.easy_npc.config.display_attribute.title', args=[entity.easy_npc.]}]
[08Jul2025 01:10:20.196] [Server thread/INFO] [Easy NPC/]: Opening menu 67848073-e3ec-412f-874a-3c021c0aaca3 for npc b66482b1-7b7b-4ab7-b97e-c8855cc4adfa and player ServerPlayer['Dalonzo'/416, l='ServerLevel[world]', x=-1269.76, y=122.00, z=-337.79] with ConfigurationMenu.BASE_ATTRIBUTE[translation{key='text.easy_npc.config.base_attribute.title', args=[entity.easy_npc.]}]
[08Jul2025 01:10:21.059] [Server thread/INFO] [Easy NPC/]: Opening menu 86914fc5-0311-417c-909e-197a05376ce4 for npc b66482b1-7b7b-4ab7-b97e-c8855cc4adfa and player ServerPlayer['Dalonzo'/416, l='ServerLevel[world]', x=-1269.76, y=122.00, z=-337.79] with ConfigurationMenu.ABILITIES_ATTRIBUTE[translation{key='text.easy_npc.config.abilities_attribute.title', args=[entity.easy_npc.]}]
[08Jul2025 01:10:22.895] [Server thread/INFO] [Easy NPC/]: Opening menu 6d7c949c-efce-4fbe-99a6-075cb17c2d94 for npc b66482b1-7b7b-4ab7-b97e-c8855cc4adfa and player ServerPlayer['Dalonzo'/416, l='ServerLevel[world]', x=-1269.76, y=122.00, z=-337.79] with ConfigurationMenu.MAIN[translation{key='text.easy_npc.config.main.title', args=[entity.easy_npc.]}]
[08Jul2025 01:10:30.491] [Server thread/INFO] [Easy NPC/]: Opening menu 438ee2cc-20d3-44b4-95f1-5937c22a3127 for npc b66482b1-7b7b-4ab7-b97e-c8855cc4adfa and player ServerPlayer['Dalonzo'/416, l='ServerLevel[world]', x=-1269.76, y=122.00, z=-337.79] with ConfigurationMenu.DEFAULT_ROTATION[translation{key='text.easy_npc.config.default_rotation.title', args=[entity.easy_npc.]}]
[08Jul2025 01:10:48.392] [Server thread/WARN] [net.minecraft.server.network.ServerGamePacketListenerImpl/]: Dalonzo moved too quickly! -5.457153489704069,-5.9562725762157385,-6.287019458768441
[08Jul2025 01:20:38.649] [Server thread/INFO] [net.minecraft.server.MinecraftServer/]: [Dalonzo: Set own game mode to Spectator Mode]
[08Jul2025 01:20:56.786] [Server thread/INFO] [net.minecraft.server.MinecraftServer/]: [Dalonzo: Set own game mode to Creative Mode]
[08Jul2025 01:30:35.747] [Server thread/INFO] [net.minecraft.server.MinecraftServer/]: Dalonzo has made the advancement [We do a little trolling...]
[08Jul2025 01:34:53.086] [Server thread/INFO] [net.minecraft.world.entity.npc.Villager/]: Villager VillagerEntityMCA['Cortez'/93163, l='ServerLevel[world]', x=-1530.29, y=80.00, z=-541.41] died, message: 'Cortez was slain by Zombie'
[08Jul2025 01:34:53.088] [Server thread/INFO] [net.minecraft.world.entity.LivingEntity/]: Named entity VillagerEntityMCA['Cortez'/93163, l='ServerLevel[world]', x=-1530.29, y=80.00, z=-541.41] died: Cortez was slain by Zombie
[08Jul2025 01:45:20.084] [Server thread/INFO] [net.minecraft.server.network.ServerGamePacketListenerImpl/]: Dalonzo lost connection: Disconnected
[08Jul2025 01:45:20.084] [Server thread/INFO] [net.minecraft.server.MinecraftServer/]: Dalonzo left the game
[08Jul2025 01:45:20.084] [Server thread/INFO] [voicechat/]: [voicechat] Disconnecting client Dalonzo
